0 info it worked if it ends with ok
1 verbose cli [ '/Users/ryuutarou/.nodebrew/node/v4.6.2/bin/node',
1 verbose cli   '/Users/ryuutarou/.nodebrew/current/bin/npm',
1 verbose cli   'start' ]
2 info using npm@2.15.11
3 info using node@v4.6.2
4 verbose stack Error: ENOENT: no such file or directory, open '/Users/ryuutarou/workspace/vagrant/ubuntu64/workspace/package.json'
4 verbose stack     at Error (native)
5 verbose cwd /Users/ryuutarou/workspace/vagrant/ubuntu64/workspace
6 error Darwin 16.5.0
7 error argv "/Users/ryuutarou/.nodebrew/node/v4.6.2/bin/node" "/Users/ryuutarou/.nodebrew/current/bin/npm" "start"
8 error node v4.6.2
9 error npm  v2.15.11
10 error path /Users/ryuutarou/workspace/vagrant/ubuntu64/workspace/package.json
11 error code ENOENT
12 error errno -2
13 error syscall open
14 error enoent ENOENT: no such file or directory, open '/Users/ryuutarou/workspace/vagrant/ubuntu64/workspace/package.json'
14 error enoent This is most likely not a problem with npm itself
14 error enoent and is related to npm not being able to find a file.
15 verbose exit [ -2, true ]
