Listening on 8000
[Tue Sep 26 2017 01:29:54 GMT+0000 (UTC)] Server Error { Error: listen EADDRINUSE :::8000
    at Object.exports._errnoException (util.js:1020:11)
    at exports._exceptionWithHostPort (util.js:1043:20)
    at Server._listen2 (net.js:1258:14)
    at listen (net.js:1294:10)
    at Server.listen (net.js:1390:5)
    at Object.<anonymous> (/home/vagrant/workspace/node-js-http-3012/index.js:17:8)
    at Module._compile (module.js:570:32)
    at Object.Module._extensions..js (module.js:579:10)
    at Module.load (module.js:487:32)
    at tryModuleLoad (module.js:446:12)
  code: 'EADDRINUSE',
  errno: 'EADDRINUSE',
  syscall: 'listen',
  address: '::',
  port: 8000 }
[Tue Sep 26 2017 01:30:13 GMT+0000 (UTC)] Server Error { Error: listen EADDRINUSE :::8000
    at Object.exports._errnoException (util.js:1020:11)
    at exports._exceptionWithHostPort (util.js:1043:20)
    at Server._listen2 (net.js:1258:14)
    at listen (net.js:1294:10)
    at Server.listen (net.js:1390:5)
    at Object.<anonymous> (/home/vagrant/workspace/node-js-http-3012/index.js:17:8)
    at Module._compile (module.js:570:32)
    at Object.Module._extensions..js (module.js:579:10)
    at Module.load (module.js:487:32)
    at tryModuleLoad (module.js:446:12)
  code: 'EADDRINUSE',
  errno: 'EADDRINUSE',
  syscall: 'listen',
  address: '::',
  port: 8000 }
[Tue Sep 26 2017 01:30:23 GMT+0000 (UTC)] Client Error { Error: Parse Error
    at Error (native) bytesParsed: 0, code: 'HPE_INVALID_METHOD' }
[Tue Sep 26 2017 01:31:36 GMT+0000 (UTC)] Requester by ::ffff:10.0.2.2
[Tue Sep 26 2017 01:31:36 GMT+0000 (UTC)] Requester by ::ffff:10.0.2.2
[Tue Sep 26 2017 01:34:06 GMT+0000 (UTC)] Client Error { Error: Parse Error
    at Error (native) bytesParsed: 0, code: 'HPE_INVALID_METHOD' }
[Tue Sep 26 2017 01:37:50 GMT+0000 (UTC)] Client Error { Error: Parse Error
    at Error (native) bytesParsed: 0, code: 'HPE_INVALID_METHOD' }
[Tue Sep 26 2017 01:41:33 GMT+0000 (UTC)] Client Error { Error: Parse Error
    at Error (native) bytesParsed: 0, code: 'HPE_INVALID_METHOD' }
[Tue Sep 26 2017 01:45:17 GMT+0000 (UTC)] Client Error { Error: Parse Error
    at Error (native) bytesParsed: 0, code: 'HPE_INVALID_METHOD' }
[Tue Sep 26 2017 01:49:03 GMT+0000 (UTC)] Client Error { Error: Parse Error
    at Error (native) bytesParsed: 0, code: 'HPE_INVALID_METHOD' }
Tue Sep 26 2017 01:51:27 GMT+0000 (UTC)Listening on 8000
